{"level":"info","message":"Database is connected successfully"}
{"level":"info","message":"App listening on port 5800"}
{"level":"info","message":"Database is connected successfully"}
{"level":"info","message":"App listening on port 5800"}
{"level":"info","message":"Database is connected successfully"}
{"level":"info","message":"App listening on port 5800"}
{
  message: 'Database is connected successfully',
  level: 'info',
  label: 'right meow!',
  timestamp: '2024-01-13T16:00:24.563Z'
}
{
  message: 'App listening on port 5800',
  level: 'info',
  label: 'right meow!',
  timestamp: '2024-01-13T16:00:24.568Z'
}
{
  message: 'Database is connected successfully',
  level: 'info',
  label: 'right meow!',
  timestamp: '2024-01-13T16:04:07.234Z'
}
{
  message: 'App listening on port 5800',
  level: 'info',
  label: 'right meow!',
  timestamp: '2024-01-13T16:04:07.243Z'
}
{
  message: 'Database is connected successfully',
  level: 'info',
  timestamp: '2024-01-13T16:04:46.093Z'
}
{
  message: 'App listening on port 5800',
  level: 'info',
  timestamp: '2024-01-13T16:04:46.100Z'
}
{
  message: 'Database is connected successfully',
  level: 'info',
  timestamp: '2024-01-13T16:07:25.478Z'
}
{
  message: 'Database is connected successfully',
  level: 'info',
  timestamp: '2024-01-13T16:07:37.439Z'
}
{
  message: 'App listening on port 5800',
  level: 'info',
  timestamp: '2024-01-13T16:07:37.447Z'
}
{
  message: 'Database is connected successfully',
  level: 'info',
  timestamp: '2024-01-13T16:07:48.945Z'
}
{
  message: 'App listening on port 5800',
  level: 'info',
  timestamp: '2024-01-13T16:07:48.949Z'
}
{
  message: 'Database is connected successfully',
  level: 'info',
  timestamp: '2024-01-13T16:08:37.287Z'
}
{
  message: 'App listening on port 5800',
  level: 'info',
  timestamp: '2024-01-13T16:08:37.328Z'
}
{
  message: 'Database is connected successfully',
  level: 'info',
  timestamp: '2024-01-13T16:08:45.787Z'
}
{
  message: 'App listening on port 5800',
  level: 'info',
  timestamp: '2024-01-13T16:08:45.796Z'
}
{
  message: 'Database is connected successfully',
  level: 'info',
  timestamp: '2024-01-13T16:10:29.308Z'
}
{
  message: 'App listening on port 5800',
  level: 'info',
  timestamp: '2024-01-13T16:10:29.315Z'
}
{
  message: 'Database is connected successfully',
  level: 'info',
  timestamp: '2024-01-13T16:11:01.059Z'
}
{
  message: 'App listening on port 5800',
  level: 'info',
  timestamp: '2024-01-13T16:11:01.062Z'
}
{
  message: 'Database is connected successfully',
  level: 'info',
  timestamp: '2024-01-13T16:11:56.452Z'
}
{
  message: 'App listening on port 5800',
  level: 'info',
  timestamp: '2024-01-13T16:11:56.459Z'
}
{
  message: 'Database is connected successfully',
  level: 'info',
  timestamp: '2024-01-13T16:12:11.225Z'
}
{
  message: 'App listening on port 5800',
  level: 'info',
  timestamp: '2024-01-13T16:12:11.231Z'
}
{ message: 'Database is connected successfully', level: 'info' }
{ message: 'App listening on port 5800', level: 'info' }
{
  message: 'Database is connected successfully',
  level: 'info',
  timestamp: '2024-01-13T16:13:44.723Z'
}
{
  message: 'App listening on port 5800',
  level: 'info',
  timestamp: '2024-01-13T16:13:44.731Z'
}
{
  message: 'Database is connected successfully',
  level: 'info',
  timestamp: '2024-01-13T16:16:47.997Z'
}
{
  message: 'App listening on port 5800',
  level: 'info',
  timestamp: '2024-01-13T16:16:48.005Z'
}
